[2026-06-04 17:48:33] [system] INFO ROIAnnotator | section=cad_lab source=C:\IITD_Internship\library-occupancy\data\sample_frames\cad_lab.jpg roi_path=data/roi/roi_polygons.json existing_seats=0
[2026-06-04 17:49:12] [system] INFO ROI saved → data\roi\roi_polygons.json (0 section(s), 0 total seats)
[2026-06-04 17:49:12] [system] INFO Polygons saved. Continue annotating or press Q to quit.
[2026-06-04 17:49:21] [system] INFO Current polygon discarded.
[2026-06-04 17:49:22] [system] INFO Current polygon discarded.
[2026-06-04 17:49:24] [system] INFO ROI saved → data\roi\roi_polygons.json (0 section(s), 0 total seats)
[2026-06-04 17:49:54] [system] INFO Loaded existing ROI file: data\roi\roi_polygons.json (0 section(s))
[2026-06-04 17:49:54] [system] INFO ROIAnnotator | section=cad_lab source=C:\IITD_Internship\library-occupancy\data\sample_frames\cad_lab.jpg roi_path=data/roi/roi_polygons.json existing_seats=0
[2026-06-04 17:50:13] [system] INFO Polygon saved as seat_LAB1 (1 total seats in cad_lab)
[2026-06-04 17:50:27] [system] INFO Polygon saved as seat_LAB2 (2 total seats in cad_lab)
[2026-06-04 17:50:45] [system] INFO Polygon saved as seat_LAB3 (3 total seats in cad_lab)
[2026-06-04 17:51:03] [system] INFO Polygon saved as seat_LAB4 (4 total seats in cad_lab)
[2026-06-04 17:51:20] [system] INFO Polygon saved as seat_LAB5 (5 total seats in cad_lab)
[2026-06-04 17:51:31] [system] INFO Polygon saved as seat_LAB6 (6 total seats in cad_lab)
[2026-06-04 17:51:44] [system] INFO Polygon saved as seat_LAB7 (7 total seats in cad_lab)
[2026-06-04 17:51:59] [system] INFO Polygon saved as seat_LAB8 (8 total seats in cad_lab)
[2026-06-04 17:52:12] [system] INFO Polygon saved as seat_LAB9 (9 total seats in cad_lab)
[2026-06-04 17:52:36] [system] INFO Polygon saved as seat_LAB10 (10 total seats in cad_lab)
[2026-06-04 17:52:49] [system] INFO Polygon saved as seat_LAB11 (11 total seats in cad_lab)
[2026-06-04 17:53:11] [system] INFO Polygon saved as seat_LAB12 (12 total seats in cad_lab)
[2026-06-04 17:53:26] [system] INFO Polygon saved as seat_LAB13 (13 total seats in cad_lab)
[2026-06-04 17:53:38] [system] INFO Polygon saved as seat_LAB14 (14 total seats in cad_lab)
[2026-06-04 17:53:50] [system] INFO Polygon saved as seat_LAB15 (15 total seats in cad_lab)
[2026-06-04 17:54:06] [system] INFO Polygon saved as seat_LAB16 (16 total seats in cad_lab)
[2026-06-04 17:54:18] [system] INFO Polygon saved as seat_LAB17 (17 total seats in cad_lab)
[2026-06-04 17:54:41] [system] INFO ROI saved → data\roi\roi_polygons.json (1 section(s), 17 total seats)
[2026-06-04 17:54:41] [system] INFO Polygons saved. Continue annotating or press Q to quit.
[2026-06-04 17:54:45] [system] INFO ROI saved → data\roi\roi_polygons.json (1 section(s), 17 total seats)
[2026-06-04 17:54:45] [system] INFO Polygons saved. Continue annotating or press Q to quit.
[2026-06-04 17:54:58] [system] INFO ROI saved → data\roi\roi_polygons.json (1 section(s), 17 total seats)
[2026-06-04 17:54:58] [system] INFO Polygons saved. Continue annotating or press Q to quit.
[2026-06-04 17:54:59] [system] INFO ROI saved → data\roi\roi_polygons.json (1 section(s), 17 total seats)
[2026-06-04 17:54:59] [system] INFO Polygons saved. Continue annotating or press Q to quit.
[2026-06-04 17:54:59] [system] INFO ROI saved → data\roi\roi_polygons.json (1 section(s), 17 total seats)
[2026-06-04 17:54:59] [system] INFO Polygons saved. Continue annotating or press Q to quit.
[2026-06-04 17:54:59] [system] INFO ROI saved → data\roi\roi_polygons.json (1 section(s), 17 total seats)
[2026-06-04 17:54:59] [system] INFO Polygons saved. Continue annotating or press Q to quit.
[2026-06-04 17:55:00] [system] INFO ROI saved → data\roi\roi_polygons.json (1 section(s), 17 total seats)
[2026-06-04 17:55:00] [system] INFO Polygons saved. Continue annotating or press Q to quit.
[2026-06-04 17:55:00] [system] INFO ROI saved → data\roi\roi_polygons.json (1 section(s), 17 total seats)
[2026-06-04 17:55:00] [system] INFO Polygons saved. Continue annotating or press Q to quit.
[2026-06-04 17:55:00] [system] INFO ROI saved → data\roi\roi_polygons.json (1 section(s), 17 total seats)
[2026-06-04 17:55:00] [system] INFO Polygons saved. Continue annotating or press Q to quit.
[2026-06-04 17:55:00] [system] INFO ROI saved → data\roi\roi_polygons.json (1 section(s), 17 total seats)
[2026-06-04 17:55:00] [system] INFO Polygons saved. Continue annotating or press Q to quit.
[2026-06-04 17:55:18] [system] INFO ROI saved → data\roi\roi_polygons.json (1 section(s), 17 total seats)
[2026-06-04 17:56:06] [system] INFO Loaded existing ROI file: data\roi\roi_polygons.json (1 section(s))
[2026-06-04 17:56:06] [system] INFO ROIAnnotator | section=focused_reading_area source=C:\IITD_Internship\library-occupancy\data\sample_frames\focused_reading_area.jpg roi_path=data/roi/roi_polygons.json existing_seats=0
[2026-06-04 17:56:23] [system] INFO Polygon saved as seat_AREA1 (1 total seats in focused_reading_area)
[2026-06-04 17:56:51] [system] INFO Current polygon discarded.
[2026-06-04 17:56:51] [system] INFO Current polygon discarded.
[2026-06-04 17:57:02] [system] INFO Polygon saved as seat_AREA2 (2 total seats in focused_reading_area)
[2026-06-04 17:57:13] [system] INFO Polygon saved as seat_AREA3 (3 total seats in focused_reading_area)
[2026-06-04 17:57:29] [system] INFO Polygon saved as seat_AREA4 (4 total seats in focused_reading_area)
[2026-06-04 17:58:28] [system] INFO Polygon saved as seat_AREA5 (5 total seats in focused_reading_area)
[2026-06-04 17:58:40] [system] INFO Polygon saved as seat_AREA6 (6 total seats in focused_reading_area)
[2026-06-04 17:58:51] [system] INFO Polygon saved as seat_AREA7 (7 total seats in focused_reading_area)
[2026-06-04 17:59:05] [system] INFO Polygon saved as seat_AREA8 (8 total seats in focused_reading_area)
[2026-06-04 17:59:20] [system] INFO Polygon saved as seat_AREA9 (9 total seats in focused_reading_area)
[2026-06-04 17:59:33] [system] INFO Polygon saved as seat_AREA10 (10 total seats in focused_reading_area)
[2026-06-04 17:59:44] [system] INFO Polygon saved as seat_AREA11 (11 total seats in focused_reading_area)
[2026-06-04 17:59:57] [system] INFO Polygon saved as seat_AREA12 (12 total seats in focused_reading_area)
[2026-06-04 18:03:49] [system] INFO Polygon saved as seat_AREA13 (13 total seats in focused_reading_area)
[2026-06-04 18:03:53] [system] INFO Current polygon discarded.
[2026-06-04 18:04:51] [system] INFO Current polygon discarded.
[2026-06-04 18:05:02] [system] INFO Polygon saved as seat_AREA14 (14 total seats in focused_reading_area)
[2026-06-04 18:05:13] [system] INFO Polygon saved as seat_AREA15 (15 total seats in focused_reading_area)
[2026-06-04 18:05:25] [system] INFO Polygon saved as seat_AREA16 (16 total seats in focused_reading_area)
[2026-06-04 18:05:33] [system] INFO Current polygon discarded.
[2026-06-04 18:05:44] [system] INFO Polygon saved as seat_AREA17 (17 total seats in focused_reading_area)
[2026-06-04 18:05:57] [system] INFO Polygon saved as seat_AREA18 (18 total seats in focused_reading_area)
[2026-06-04 18:09:07] [system] INFO Polygon saved as seat_AREA19 (19 total seats in focused_reading_area)
[2026-06-04 18:09:18] [system] INFO Polygon saved as seat_AREA20 (20 total seats in focused_reading_area)
[2026-06-04 18:09:31] [system] INFO Polygon saved as seat_AREA21 (21 total seats in focused_reading_area)
[2026-06-04 18:09:43] [system] INFO Polygon saved as seat_AREA22 (22 total seats in focused_reading_area)
[2026-06-04 18:09:54] [system] INFO Polygon saved as seat_AREA23 (23 total seats in focused_reading_area)
[2026-06-04 18:10:06] [system] INFO Polygon saved as seat_AREA24 (24 total seats in focused_reading_area)
[2026-06-04 18:10:20] [system] INFO Polygon saved as seat_AREA25 (25 total seats in focused_reading_area)
[2026-06-04 18:10:30] [system] INFO Polygon saved as seat_AREA26 (26 total seats in focused_reading_area)
[2026-06-04 18:10:44] [system] INFO Polygon saved as seat_AREA27 (27 total seats in focused_reading_area)
[2026-06-04 18:10:53] [system] INFO ROI saved → data\roi\roi_polygons.json (2 section(s), 44 total seats)
[2026-06-04 18:29:50] [system] INFO Loaded existing ROI file: data\roi\roi_polygons.json (2 section(s))
[2026-06-04 18:29:50] [system] INFO ROIAnnotator | section=g_hall_2 source=C:\IITD_Internship\library-occupancy\data\sample_frames\g_hall_2.jpg roi_path=data/roi/roi_polygons.json existing_seats=0
[2026-06-04 18:30:07] [system] INFO Polygon saved as seat_21 (1 total seats in g_hall_2)
[2026-06-04 18:30:18] [system] INFO Polygon saved as seat_22 (2 total seats in g_hall_2)
[2026-06-04 18:30:29] [system] INFO Polygon saved as seat_23 (3 total seats in g_hall_2)
[2026-06-04 18:30:42] [system] INFO Polygon saved as seat_24 (4 total seats in g_hall_2)
[2026-06-04 18:31:03] [system] INFO Polygon saved as seat_25 (5 total seats in g_hall_2)
[2026-06-04 18:31:16] [system] INFO Polygon saved as seat_26 (6 total seats in g_hall_2)
[2026-06-04 18:31:29] [system] INFO Polygon saved as seat_27 (7 total seats in g_hall_2)
[2026-06-04 18:31:47] [system] INFO Polygon saved as seat_28 (8 total seats in g_hall_2)
[2026-06-04 18:32:03] [system] INFO Polygon saved as seat_29 (9 total seats in g_hall_2)
[2026-06-04 18:32:16] [system] INFO Polygon saved as seat_210 (10 total seats in g_hall_2)
[2026-06-04 18:32:29] [system] INFO Polygon saved as seat_211 (11 total seats in g_hall_2)
[2026-06-04 18:32:41] [system] INFO Polygon saved as seat_212 (12 total seats in g_hall_2)
[2026-06-04 18:32:57] [system] INFO Polygon saved as seat_213 (13 total seats in g_hall_2)
[2026-06-04 18:33:10] [system] INFO Polygon saved as seat_214 (14 total seats in g_hall_2)
[2026-06-04 18:33:27] [system] INFO Polygon saved as seat_215 (15 total seats in g_hall_2)
[2026-06-04 18:33:41] [system] INFO Polygon saved as seat_216 (16 total seats in g_hall_2)
[2026-06-04 18:33:53] [system] INFO Polygon saved as seat_217 (17 total seats in g_hall_2)
[2026-06-04 18:34:05] [system] INFO Polygon saved as seat_218 (18 total seats in g_hall_2)
[2026-06-04 18:34:19] [system] INFO Polygon saved as seat_219 (19 total seats in g_hall_2)
[2026-06-04 18:34:29] [system] INFO Polygon saved as seat_220 (20 total seats in g_hall_2)
[2026-06-04 18:34:41] [system] INFO Polygon saved as seat_221 (21 total seats in g_hall_2)
[2026-06-04 18:34:53] [system] INFO Polygon saved as seat_222 (22 total seats in g_hall_2)
[2026-06-04 18:35:11] [system] INFO Polygon saved as seat_223 (23 total seats in g_hall_2)
[2026-06-04 18:35:22] [system] INFO Polygon saved as seat_224 (24 total seats in g_hall_2)
[2026-06-04 18:35:31] [system] INFO Polygon saved as seat_225 (25 total seats in g_hall_2)
[2026-06-04 18:35:43] [system] INFO Polygon saved as seat_226 (26 total seats in g_hall_2)
[2026-06-04 18:35:51] [system] INFO Polygon saved as seat_227 (27 total seats in g_hall_2)
[2026-06-04 18:36:00] [system] INFO Polygon saved as seat_228 (28 total seats in g_hall_2)
[2026-06-04 18:36:24] [system] INFO Polygon saved as seat_229 (29 total seats in g_hall_2)
[2026-06-04 18:36:33] [system] INFO Polygon saved as seat_230 (30 total seats in g_hall_2)
[2026-06-04 18:36:42] [system] INFO Polygon saved as seat_231 (31 total seats in g_hall_2)
[2026-06-04 18:36:55] [system] INFO Polygon saved as seat_232 (32 total seats in g_hall_2)
[2026-06-04 18:37:04] [system] INFO Polygon saved as seat_233 (33 total seats in g_hall_2)
[2026-06-04 18:37:20] [system] INFO Polygon saved as seat_234 (34 total seats in g_hall_2)
[2026-06-04 18:37:32] [system] INFO Polygon saved as seat_235 (35 total seats in g_hall_2)
[2026-06-04 18:37:44] [system] INFO Polygon saved as seat_236 (36 total seats in g_hall_2)
[2026-06-04 18:37:59] [system] INFO Polygon saved as seat_237 (37 total seats in g_hall_2)
[2026-06-04 18:40:08] [system] INFO Polygon saved as seat_238 (38 total seats in g_hall_2)
[2026-06-04 18:40:21] [system] INFO Polygon saved as seat_239 (39 total seats in g_hall_2)
[2026-06-04 18:40:30] [system] INFO Polygon saved as seat_240 (40 total seats in g_hall_2)
[2026-06-04 18:40:38] [system] INFO Polygon saved as seat_241 (41 total seats in g_hall_2)
[2026-06-04 18:40:55] [system] INFO Polygon saved as seat_242 (42 total seats in g_hall_2)
[2026-06-04 18:41:06] [system] INFO Polygon saved as seat_243 (43 total seats in g_hall_2)
[2026-06-04 18:41:13] [system] INFO Polygon saved as seat_244 (44 total seats in g_hall_2)
[2026-06-04 18:41:25] [system] INFO Polygon saved as seat_245 (45 total seats in g_hall_2)
[2026-06-04 18:41:38] [system] INFO Polygon saved as seat_246 (46 total seats in g_hall_2)
[2026-06-04 18:41:46] [system] INFO Polygon saved as seat_247 (47 total seats in g_hall_2)
[2026-06-04 18:41:56] [system] INFO Polygon saved as seat_248 (48 total seats in g_hall_2)
[2026-06-04 18:42:03] [system] INFO Polygon saved as seat_249 (49 total seats in g_hall_2)
[2026-06-04 18:42:11] [system] INFO Polygon saved as seat_250 (50 total seats in g_hall_2)
[2026-06-04 18:42:17] [system] INFO Polygon saved as seat_251 (51 total seats in g_hall_2)
[2026-06-04 18:42:24] [system] INFO Polygon saved as seat_252 (52 total seats in g_hall_2)
[2026-06-04 18:42:32] [system] INFO Polygon saved as seat_253 (53 total seats in g_hall_2)
[2026-06-04 18:42:41] [system] INFO Polygon saved as seat_254 (54 total seats in g_hall_2)
[2026-06-04 18:42:48] [system] INFO Polygon saved as seat_255 (55 total seats in g_hall_2)
[2026-06-04 18:42:54] [system] INFO Polygon saved as seat_256 (56 total seats in g_hall_2)
[2026-06-04 18:43:02] [system] INFO Polygon saved as seat_257 (57 total seats in g_hall_2)
[2026-06-04 18:43:10] [system] INFO Polygon saved as seat_258 (58 total seats in g_hall_2)
[2026-06-04 18:43:20] [system] INFO Polygon saved as seat_259 (59 total seats in g_hall_2)
[2026-06-04 18:43:29] [system] INFO Polygon saved as seat_260 (60 total seats in g_hall_2)
[2026-06-04 18:43:30] [system] INFO ROI saved → data\roi\roi_polygons.json (3 section(s), 104 total seats)
[2026-06-04 18:44:10] [system] INFO Loaded existing ROI file: data\roi\roi_polygons.json (3 section(s))
[2026-06-04 18:44:10] [system] INFO ROIAnnotator | section=g_huss source=C:\IITD_Internship\library-occupancy\data\sample_frames\g_huss.jpg roi_path=data/roi/roi_polygons.json existing_seats=0
[2026-06-04 18:44:23] [system] INFO Polygon saved as seat_HUSS1 (1 total seats in g_huss)
[2026-06-04 18:44:34] [system] INFO Polygon saved as seat_HUSS2 (2 total seats in g_huss)
[2026-06-04 18:44:45] [system] INFO Polygon saved as seat_HUSS3 (3 total seats in g_huss)
[2026-06-04 18:44:57] [system] INFO Polygon saved as seat_HUSS4 (4 total seats in g_huss)
[2026-06-04 18:45:10] [system] INFO Polygon saved as seat_HUSS5 (5 total seats in g_huss)
[2026-06-04 18:45:21] [system] INFO Polygon saved as seat_HUSS6 (6 total seats in g_huss)
[2026-06-04 18:45:32] [system] INFO Polygon saved as seat_HUSS7 (7 total seats in g_huss)
[2026-06-04 18:45:40] [system] INFO Current polygon discarded.
[2026-06-04 18:45:50] [system] INFO Polygon saved as seat_HUSS8 (8 total seats in g_huss)
[2026-06-04 18:46:01] [system] INFO Polygon saved as seat_HUSS9 (9 total seats in g_huss)
[2026-06-04 18:46:13] [system] INFO Polygon saved as seat_HUSS10 (10 total seats in g_huss)
[2026-06-04 18:46:27] [system] INFO Polygon saved as seat_HUSS11 (11 total seats in g_huss)
[2026-06-04 18:46:39] [system] INFO Polygon saved as seat_HUSS12 (12 total seats in g_huss)
[2026-06-04 18:46:55] [system] INFO Polygon saved as seat_HUSS13 (13 total seats in g_huss)
[2026-06-04 18:47:06] [system] INFO Polygon saved as seat_HUSS14 (14 total seats in g_huss)
[2026-06-04 18:47:19] [system] INFO Polygon saved as seat_HUSS15 (15 total seats in g_huss)
[2026-06-04 18:47:33] [system] INFO Polygon saved as seat_HUSS16 (16 total seats in g_huss)
[2026-06-04 18:47:42] [system] INFO Polygon saved as seat_HUSS17 (17 total seats in g_huss)
[2026-06-04 18:47:54] [system] INFO Polygon saved as seat_HUSS18 (18 total seats in g_huss)
[2026-06-04 18:48:05] [system] INFO Polygon saved as seat_HUSS19 (19 total seats in g_huss)
[2026-06-04 18:48:17] [system] INFO Polygon saved as seat_HUSS20 (20 total seats in g_huss)
[2026-06-04 18:48:30] [system] INFO Polygon saved as seat_HUSS21 (21 total seats in g_huss)
[2026-06-04 18:48:38] [system] INFO Polygon saved as seat_HUSS22 (22 total seats in g_huss)
[2026-06-04 18:48:51] [system] INFO Polygon saved as seat_HUSS23 (23 total seats in g_huss)
[2026-06-04 18:49:01] [system] INFO Polygon saved as seat_HUSS24 (24 total seats in g_huss)
[2026-06-04 18:49:13] [system] INFO Polygon saved as seat_HUSS25 (25 total seats in g_huss)
[2026-06-04 18:49:26] [system] INFO Polygon saved as seat_HUSS26 (26 total seats in g_huss)
[2026-06-04 18:49:36] [system] INFO Polygon saved as seat_HUSS27 (27 total seats in g_huss)
[2026-06-04 18:49:44] [system] INFO Polygon saved as seat_HUSS28 (28 total seats in g_huss)
[2026-06-04 18:49:51] [system] INFO Polygon saved as seat_HUSS29 (29 total seats in g_huss)
[2026-06-04 18:50:00] [system] INFO Polygon saved as seat_HUSS30 (30 total seats in g_huss)
[2026-06-04 18:50:09] [system] INFO Polygon saved as seat_HUSS31 (31 total seats in g_huss)
[2026-06-04 18:50:18] [system] INFO Polygon saved as seat_HUSS32 (32 total seats in g_huss)
[2026-06-04 18:50:30] [system] INFO Polygon saved as seat_HUSS33 (33 total seats in g_huss)
[2026-06-04 18:50:43] [system] INFO Polygon saved as seat_HUSS34 (34 total seats in g_huss)
[2026-06-04 18:50:51] [system] INFO Polygon saved as seat_HUSS35 (35 total seats in g_huss)
[2026-06-04 18:51:01] [system] INFO Polygon saved as seat_HUSS36 (36 total seats in g_huss)
[2026-06-04 18:51:09] [system] INFO Polygon saved as seat_HUSS37 (37 total seats in g_huss)
[2026-06-04 18:51:18] [system] INFO Polygon saved as seat_HUSS38 (38 total seats in g_huss)
[2026-06-04 18:51:25] [system] INFO Polygon saved as seat_HUSS39 (39 total seats in g_huss)
[2026-06-04 18:51:32] [system] INFO Polygon saved as seat_HUSS40 (40 total seats in g_huss)
[2026-06-04 18:51:38] [system] INFO Polygon saved as seat_HUSS41 (41 total seats in g_huss)
[2026-06-04 18:51:46] [system] INFO Polygon saved as seat_HUSS42 (42 total seats in g_huss)
[2026-06-04 18:51:57] [system] INFO Polygon saved as seat_HUSS43 (43 total seats in g_huss)
[2026-06-04 18:52:06] [system] INFO Polygon saved as seat_HUSS44 (44 total seats in g_huss)
[2026-06-04 18:52:14] [system] INFO Polygon saved as seat_HUSS45 (45 total seats in g_huss)
[2026-06-04 18:52:21] [system] INFO Polygon saved as seat_HUSS46 (46 total seats in g_huss)
[2026-06-04 18:52:31] [system] INFO Polygon saved as seat_HUSS47 (47 total seats in g_huss)
[2026-06-04 18:52:39] [system] INFO Polygon saved as seat_HUSS48 (48 total seats in g_huss)
[2026-06-04 18:52:48] [system] INFO Polygon saved as seat_HUSS49 (49 total seats in g_huss)
[2026-06-04 18:52:56] [system] INFO Polygon saved as seat_HUSS50 (50 total seats in g_huss)
[2026-06-04 18:53:07] [system] INFO Polygon saved as seat_HUSS51 (51 total seats in g_huss)
[2026-06-04 18:53:20] [system] INFO Polygon saved as seat_HUSS52 (52 total seats in g_huss)
[2026-06-04 18:53:27] [system] INFO Polygon saved as seat_HUSS53 (53 total seats in g_huss)
[2026-06-04 18:53:44] [system] INFO ROI saved → data\roi\roi_polygons.json (4 section(s), 157 total seats)
[2026-06-04 18:55:14] [system] INFO Loaded existing ROI file: data\roi\roi_polygons.json (4 section(s))
[2026-06-04 18:55:14] [system] INFO ROIAnnotator | section=hindi_section source=C:\IITD_Internship\library-occupancy\data\sample_frames\hindi_section.jpg roi_path=data/roi/roi_polygons.json existing_seats=0
[2026-06-04 18:55:30] [system] INFO Polygon saved as seat_SECTION1 (1 total seats in hindi_section)
[2026-06-04 18:55:48] [system] INFO Polygon saved as seat_SECTION2 (2 total seats in hindi_section)
[2026-06-04 18:55:59] [system] INFO Polygon saved as seat_SECTION3 (3 total seats in hindi_section)
[2026-06-04 18:56:10] [system] INFO Polygon saved as seat_SECTION4 (4 total seats in hindi_section)
[2026-06-04 18:56:21] [system] INFO Polygon saved as seat_SECTION5 (5 total seats in hindi_section)
[2026-06-04 18:56:28] [system] INFO Polygon saved as seat_SECTION6 (6 total seats in hindi_section)
[2026-06-04 18:56:36] [system] INFO Polygon saved as seat_SECTION7 (7 total seats in hindi_section)
[2026-06-04 18:56:48] [system] INFO Polygon saved as seat_SECTION8 (8 total seats in hindi_section)
[2026-06-04 18:56:57] [system] INFO Polygon saved as seat_SECTION9 (9 total seats in hindi_section)
[2026-06-04 18:57:08] [system] INFO Polygon saved as seat_SECTION10 (10 total seats in hindi_section)
[2026-06-04 18:57:16] [system] INFO Polygon saved as seat_SECTION11 (11 total seats in hindi_section)
[2026-06-04 18:57:26] [system] INFO Polygon saved as seat_SECTION12 (12 total seats in hindi_section)
[2026-06-04 18:57:33] [system] INFO Polygon saved as seat_SECTION13 (13 total seats in hindi_section)
[2026-06-04 18:57:40] [system] INFO Polygon saved as seat_SECTION14 (14 total seats in hindi_section)
[2026-06-04 18:57:51] [system] INFO Polygon saved as seat_SECTION15 (15 total seats in hindi_section)
[2026-06-04 18:57:59] [system] INFO Polygon saved as seat_SECTION16 (16 total seats in hindi_section)
[2026-06-04 18:58:08] [system] INFO Polygon saved as seat_SECTION17 (17 total seats in hindi_section)
[2026-06-04 18:58:17] [system] INFO Polygon saved as seat_SECTION18 (18 total seats in hindi_section)
[2026-06-04 18:58:24] [system] INFO Polygon saved as seat_SECTION19 (19 total seats in hindi_section)
[2026-06-04 18:58:31] [system] INFO Polygon saved as seat_SECTION20 (20 total seats in hindi_section)
[2026-06-04 18:58:39] [system] INFO Polygon saved as seat_SECTION21 (21 total seats in hindi_section)
[2026-06-04 18:58:49] [system] INFO Polygon saved as seat_SECTION22 (22 total seats in hindi_section)
[2026-06-04 18:58:58] [system] INFO Polygon saved as seat_SECTION23 (23 total seats in hindi_section)
[2026-06-04 18:59:05] [system] INFO Polygon saved as seat_SECTION24 (24 total seats in hindi_section)
[2026-06-04 18:59:11] [system] INFO Polygon saved as seat_SECTION25 (25 total seats in hindi_section)
[2026-06-04 18:59:18] [system] INFO Polygon saved as seat_SECTION26 (26 total seats in hindi_section)
[2026-06-04 18:59:25] [system] INFO Polygon saved as seat_SECTION27 (27 total seats in hindi_section)
[2026-06-04 18:59:31] [system] INFO Polygon saved as seat_SECTION28 (28 total seats in hindi_section)
[2026-06-04 18:59:40] [system] INFO Polygon saved as seat_SECTION29 (29 total seats in hindi_section)
[2026-06-04 18:59:47] [system] INFO Polygon saved as seat_SECTION30 (30 total seats in hindi_section)
[2026-06-04 18:59:55] [system] INFO Polygon saved as seat_SECTION31 (31 total seats in hindi_section)
[2026-06-04 19:00:01] [system] INFO Polygon saved as seat_SECTION32 (32 total seats in hindi_section)
[2026-06-04 19:00:09] [system] INFO Polygon saved as seat_SECTION33 (33 total seats in hindi_section)
[2026-06-04 19:00:21] [system] INFO Polygon saved as seat_SECTION34 (34 total seats in hindi_section)
[2026-06-04 19:00:30] [system] INFO Polygon saved as seat_SECTION35 (35 total seats in hindi_section)
[2026-06-04 19:00:38] [system] INFO Polygon saved as seat_SECTION36 (36 total seats in hindi_section)
[2026-06-04 19:00:45] [system] INFO Polygon saved as seat_SECTION37 (37 total seats in hindi_section)
[2026-06-04 19:00:56] [system] INFO Polygon saved as seat_SECTION38 (38 total seats in hindi_section)
[2026-06-04 19:01:02] [system] INFO Polygon saved as seat_SECTION39 (39 total seats in hindi_section)
[2026-06-04 19:01:09] [system] INFO Polygon saved as seat_SECTION40 (40 total seats in hindi_section)
[2026-06-04 19:01:16] [system] INFO Polygon saved as seat_SECTION41 (41 total seats in hindi_section)
[2026-06-04 19:01:22] [system] INFO Polygon saved as seat_SECTION42 (42 total seats in hindi_section)
[2026-06-04 19:01:29] [system] INFO Polygon saved as seat_SECTION43 (43 total seats in hindi_section)
[2026-06-04 19:01:37] [system] INFO Polygon saved as seat_SECTION44 (44 total seats in hindi_section)
[2026-06-04 19:01:43] [system] INFO Polygon saved as seat_SECTION45 (45 total seats in hindi_section)
[2026-06-04 19:01:50] [system] INFO Polygon saved as seat_SECTION46 (46 total seats in hindi_section)
[2026-06-04 19:02:00] [system] INFO Polygon saved as seat_SECTION47 (47 total seats in hindi_section)
[2026-06-04 19:02:06] [system] INFO Polygon saved as seat_SECTION48 (48 total seats in hindi_section)
[2026-06-04 19:02:09] [system] INFO ROI saved → data\roi\roi_polygons.json (5 section(s), 205 total seats)
[2026-06-04 19:02:50] [system] INFO Loaded existing ROI file: data\roi\roi_polygons.json (5 section(s))
[2026-06-04 19:02:50] [system] INFO ROIAnnotator | section=ip_camera_19 source=C:\IITD_Internship\library-occupancy\data\sample_frames\ip_camera_19.jpg roi_path=data/roi/roi_polygons.json existing_seats=0
[2026-06-04 19:03:03] [system] INFO Polygon saved as seat_191 (1 total seats in ip_camera_19)
[2026-06-04 19:03:11] [system] INFO Polygon saved as seat_192 (2 total seats in ip_camera_19)
[2026-06-04 19:03:19] [system] INFO Polygon saved as seat_193 (3 total seats in ip_camera_19)
[2026-06-04 19:03:29] [system] INFO Polygon saved as seat_194 (4 total seats in ip_camera_19)
[2026-06-04 19:03:38] [system] INFO Polygon saved as seat_195 (5 total seats in ip_camera_19)
[2026-06-04 19:03:49] [system] INFO Polygon saved as seat_196 (6 total seats in ip_camera_19)
[2026-06-04 19:03:57] [system] INFO Polygon saved as seat_197 (7 total seats in ip_camera_19)
[2026-06-04 19:04:12] [system] INFO Polygon saved as seat_198 (8 total seats in ip_camera_19)
[2026-06-04 19:04:21] [system] INFO Polygon saved as seat_199 (9 total seats in ip_camera_19)
[2026-06-04 19:04:34] [system] INFO Polygon saved as seat_1910 (10 total seats in ip_camera_19)
[2026-06-04 19:04:42] [system] INFO Polygon saved as seat_1911 (11 total seats in ip_camera_19)
[2026-06-04 19:04:53] [system] INFO Polygon saved as seat_1912 (12 total seats in ip_camera_19)
[2026-06-04 19:05:00] [system] INFO Polygon saved as seat_1913 (13 total seats in ip_camera_19)
[2026-06-04 19:05:07] [system] INFO Polygon saved as seat_1914 (14 total seats in ip_camera_19)
[2026-06-04 19:05:08] [system] INFO ROI saved → data\roi\roi_polygons.json (6 section(s), 219 total seats)
[2026-06-04 19:05:24] [system] INFO Loaded existing ROI file: data\roi\roi_polygons.json (6 section(s))
[2026-06-04 19:05:24] [system] INFO ROIAnnotator | section=ipc source=C:\IITD_Internship\library-occupancy\data\sample_frames\ipc.jpg roi_path=data/roi/roi_polygons.json existing_seats=0
[2026-06-04 19:05:37] [system] INFO Polygon saved as seat_IPC1 (1 total seats in ipc)
[2026-06-04 19:05:44] [system] INFO Polygon saved as seat_IPC2 (2 total seats in ipc)
[2026-06-04 19:05:50] [system] INFO Polygon saved as seat_IPC3 (3 total seats in ipc)
[2026-06-04 19:05:57] [system] INFO Polygon saved as seat_IPC4 (4 total seats in ipc)
[2026-06-04 19:06:03] [system] INFO Polygon saved as seat_IPC5 (5 total seats in ipc)
[2026-06-04 19:06:09] [system] INFO Polygon saved as seat_IPC6 (6 total seats in ipc)
[2026-06-04 19:06:17] [system] INFO Polygon saved as seat_IPC7 (7 total seats in ipc)
[2026-06-04 19:06:27] [system] INFO Polygon saved as seat_IPC8 (8 total seats in ipc)
[2026-06-04 19:06:33] [system] INFO Polygon saved as seat_IPC9 (9 total seats in ipc)
[2026-06-04 19:06:39] [system] INFO Polygon saved as seat_IPC10 (10 total seats in ipc)
[2026-06-04 19:06:48] [system] INFO Polygon saved as seat_IPC11 (11 total seats in ipc)
[2026-06-04 19:07:01] [system] INFO Polygon saved as seat_IPC12 (12 total seats in ipc)
[2026-06-04 19:07:07] [system] INFO Polygon saved as seat_IPC13 (13 total seats in ipc)
[2026-06-04 19:07:16] [system] INFO Polygon saved as seat_IPC14 (14 total seats in ipc)
[2026-06-04 19:07:26] [system] INFO Polygon saved as seat_IPC15 (15 total seats in ipc)
[2026-06-04 19:07:34] [system] INFO Polygon saved as seat_IPC16 (16 total seats in ipc)
[2026-06-04 19:07:36] [system] INFO ROI saved → data\roi\roi_polygons.json (7 section(s), 235 total seats)
[2026-06-04 19:08:02] [system] INFO Loaded existing ROI file: data\roi\roi_polygons.json (7 section(s))
[2026-06-04 19:08:02] [system] INFO ROIAnnotator | section=main_computer_room source=C:\IITD_Internship\library-occupancy\data\sample_frames\main_computer_room.jpg roi_path=data/roi/roi_polygons.json existing_seats=0
[2026-06-04 19:08:12] [system] INFO Polygon saved as seat_ROOM1 (1 total seats in main_computer_room)
[2026-06-04 19:08:23] [system] INFO Polygon saved as seat_ROOM2 (2 total seats in main_computer_room)
[2026-06-04 19:08:31] [system] INFO Polygon saved as seat_ROOM3 (3 total seats in main_computer_room)
[2026-06-04 19:08:47] [system] INFO Polygon saved as seat_ROOM4 (4 total seats in main_computer_room)
[2026-06-04 19:08:59] [system] INFO Polygon saved as seat_ROOM5 (5 total seats in main_computer_room)
[2026-06-04 19:09:06] [system] INFO Polygon saved as seat_ROOM6 (6 total seats in main_computer_room)
[2026-06-04 19:09:16] [system] INFO Polygon saved as seat_ROOM7 (7 total seats in main_computer_room)
[2026-06-04 19:09:25] [system] INFO Polygon saved as seat_ROOM8 (8 total seats in main_computer_room)
[2026-06-04 19:09:34] [system] INFO Polygon saved as seat_ROOM9 (9 total seats in main_computer_room)
[2026-06-04 19:09:42] [system] INFO Polygon saved as seat_ROOM10 (10 total seats in main_computer_room)
[2026-06-04 19:09:50] [system] INFO Polygon saved as seat_ROOM11 (11 total seats in main_computer_room)
[2026-06-04 19:09:56] [system] INFO Polygon saved as seat_ROOM12 (12 total seats in main_computer_room)
[2026-06-04 19:10:02] [system] INFO Polygon saved as seat_ROOM13 (13 total seats in main_computer_room)
[2026-06-04 19:10:08] [system] INFO Polygon saved as seat_ROOM14 (14 total seats in main_computer_room)
[2026-06-04 19:10:18] [system] INFO Polygon saved as seat_ROOM15 (15 total seats in main_computer_room)
[2026-06-04 19:10:24] [system] INFO Polygon saved as seat_ROOM16 (16 total seats in main_computer_room)
[2026-06-04 19:10:28] [system] INFO ROI saved → data\roi\roi_polygons.json (8 section(s), 251 total seats)
[2026-06-04 19:10:58] [system] INFO Loaded existing ROI file: data\roi\roi_polygons.json (8 section(s))
[2026-06-04 19:10:58] [system] INFO ROIAnnotator | section=reference_2 source=C:\IITD_Internship\library-occupancy\data\sample_frames\reference_2.jpg roi_path=data/roi/roi_polygons.json existing_seats=0
[2026-06-04 19:11:12] [system] INFO Polygon saved as seat_21 (1 total seats in reference_2)
[2026-06-04 19:11:21] [system] INFO Polygon saved as seat_22 (2 total seats in reference_2)
[2026-06-04 19:11:33] [system] INFO Polygon saved as seat_23 (3 total seats in reference_2)
[2026-06-04 19:11:48] [system] INFO Polygon saved as seat_24 (4 total seats in reference_2)
[2026-06-04 19:12:00] [system] INFO Polygon saved as seat_25 (5 total seats in reference_2)
[2026-06-04 19:12:12] [system] INFO Polygon saved as seat_26 (6 total seats in reference_2)
[2026-06-04 19:12:26] [system] INFO Polygon saved as seat_27 (7 total seats in reference_2)
[2026-06-04 19:12:35] [system] INFO Polygon saved as seat_28 (8 total seats in reference_2)
[2026-06-04 19:12:42] [system] INFO Polygon saved as seat_29 (9 total seats in reference_2)
[2026-06-04 19:12:49] [system] INFO Polygon saved as seat_210 (10 total seats in reference_2)
[2026-06-04 19:12:56] [system] INFO Polygon saved as seat_211 (11 total seats in reference_2)
[2026-06-04 19:13:03] [system] INFO Polygon saved as seat_212 (12 total seats in reference_2)
[2026-06-04 19:13:10] [system] INFO Polygon saved as seat_213 (13 total seats in reference_2)
[2026-06-04 19:13:17] [system] INFO Polygon saved as seat_214 (14 total seats in reference_2)
[2026-06-04 19:13:27] [system] INFO Polygon saved as seat_215 (15 total seats in reference_2)
[2026-06-04 19:13:37] [system] INFO Polygon saved as seat_216 (16 total seats in reference_2)
[2026-06-04 19:13:48] [system] INFO Polygon saved as seat_217 (17 total seats in reference_2)
[2026-06-04 19:13:58] [system] INFO Polygon saved as seat_218 (18 total seats in reference_2)
[2026-06-04 19:14:07] [system] INFO Polygon saved as seat_219 (19 total seats in reference_2)
[2026-06-04 19:14:16] [system] INFO Polygon saved as seat_220 (20 total seats in reference_2)
[2026-06-04 19:14:29] [system] INFO Polygon saved as seat_221 (21 total seats in reference_2)
[2026-06-04 19:14:37] [system] INFO Polygon saved as seat_222 (22 total seats in reference_2)
[2026-06-04 19:14:44] [system] INFO Polygon saved as seat_223 (23 total seats in reference_2)
[2026-06-04 19:14:50] [system] INFO Polygon saved as seat_224 (24 total seats in reference_2)
[2026-06-04 19:14:55] [system] INFO Polygon saved as seat_225 (25 total seats in reference_2)
[2026-06-04 19:15:06] [system] INFO Polygon saved as seat_226 (26 total seats in reference_2)
[2026-06-04 19:15:13] [system] INFO ROI saved → data\roi\roi_polygons.json (9 section(s), 277 total seats)
[2026-06-04 19:15:33] [system] INFO Loaded existing ROI file: data\roi\roi_polygons.json (9 section(s))
[2026-06-04 19:15:33] [system] INFO ROIAnnotator | section=reference_area source=C:\IITD_Internship\library-occupancy\data\sample_frames\reference_area.jpg roi_path=data/roi/roi_polygons.json existing_seats=0
[2026-06-04 19:15:46] [system] INFO Polygon saved as seat_AREA1 (1 total seats in reference_area)
[2026-06-04 19:16:37] [system] INFO Polygon saved as seat_AREA2 (2 total seats in reference_area)
[2026-06-04 19:16:45] [system] INFO Polygon saved as seat_AREA3 (3 total seats in reference_area)
[2026-06-04 19:16:53] [system] INFO Polygon saved as seat_AREA4 (4 total seats in reference_area)
[2026-06-04 19:17:01] [system] INFO Polygon saved as seat_AREA5 (5 total seats in reference_area)
[2026-06-04 19:17:09] [system] INFO Polygon saved as seat_AREA6 (6 total seats in reference_area)
[2026-06-04 19:17:21] [system] INFO Polygon saved as seat_AREA7 (7 total seats in reference_area)
[2026-06-04 19:17:22] [system] INFO ROI saved → data\roi\roi_polygons.json (10 section(s), 284 total seats)
[2026-06-04 19:18:27] [system] INFO Loaded existing ROI file: data\roi\roi_polygons.json (10 section(s))
[2026-06-04 19:18:27] [system] INFO ROIAnnotator | section=weeding_out_area source=C:\IITD_Internship\library-occupancy\data\sample_frames\weeding_out_area.jpg roi_path=data/roi/roi_polygons.json existing_seats=0
[2026-06-04 19:18:38] [system] INFO Polygon saved as seat_AREA1 (1 total seats in weeding_out_area)
[2026-06-04 19:18:47] [system] INFO Polygon saved as seat_AREA2 (2 total seats in weeding_out_area)
[2026-06-04 19:18:57] [system] INFO Polygon saved as seat_AREA3 (3 total seats in weeding_out_area)
[2026-06-04 19:19:05] [system] INFO Polygon saved as seat_AREA4 (4 total seats in weeding_out_area)
[2026-06-04 19:19:15] [system] INFO Polygon saved as seat_AREA5 (5 total seats in weeding_out_area)
[2026-06-04 19:19:22] [system] INFO Polygon saved as seat_AREA6 (6 total seats in weeding_out_area)
[2026-06-04 19:19:30] [system] INFO Polygon saved as seat_AREA7 (7 total seats in weeding_out_area)
[2026-06-04 19:19:37] [system] INFO Polygon saved as seat_AREA8 (8 total seats in weeding_out_area)
[2026-06-04 19:19:44] [system] INFO Polygon saved as seat_AREA9 (9 total seats in weeding_out_area)
[2026-06-04 19:19:57] [system] INFO ROI saved → data\roi\roi_polygons.json (11 section(s), 293 total seats)
